[2020-09-14 17:18:23] app.ERROR: Data from PrestaShop Addons is invalid, and cannot fallback on cache.  {"exception":"cURL error 28: Operation timed out after 5000 milliseconds with 96494 bytes received"} []
[2020-09-14 17:18:24] app.INFO: Protect vendor folder in module contactform [] []
[2020-09-14 17:18:24] app.INFO: Module contactform has no vendor folder [] []
[2020-09-14 17:18:29] app.INFO: Protect vendor folder in module dashactivity [] []
[2020-09-14 17:18:29] app.INFO: Module dashactivity has no vendor folder [] []
[2020-09-14 17:18:32] app.INFO: Protect vendor folder in module dashtrends [] []
[2020-09-14 17:18:32] app.INFO: Module dashtrends has no vendor folder [] []
[2020-09-14 17:18:41] app.INFO: Protect vendor folder in module dashgoals [] []
[2020-09-14 17:18:41] app.INFO: Module dashgoals has no vendor folder [] []
[2020-09-14 17:18:43] app.INFO: Protect vendor folder in module dashproducts [] []
[2020-09-14 17:18:43] app.INFO: Module dashproducts has no vendor folder [] []
[2020-09-14 17:18:44] app.INFO: Protect vendor folder in module graphnvd3 [] []
[2020-09-14 17:18:44] app.INFO: Module graphnvd3 has no vendor folder [] []
[2020-09-14 17:18:45] app.INFO: Protect vendor folder in module gridhtml [] []
[2020-09-14 17:18:45] app.INFO: Module gridhtml has no vendor folder [] []
[2020-09-14 17:18:47] app.INFO: Protect vendor folder in module gsitemap [] []
[2020-09-14 17:18:47] app.INFO: Module gsitemap has no vendor folder [] []
[2020-09-14 17:18:50] app.INFO: Protect vendor folder in module ps_banner [] []
[2020-09-14 17:18:50] app.INFO: Module ps_banner has no vendor folder [] []
[2020-09-14 17:18:52] app.INFO: Protect vendor folder in module ps_categorytree [] []
[2020-09-14 17:18:52] app.INFO: Module ps_categorytree has no vendor folder [] []
[2020-09-14 17:18:54] app.INFO: Protect vendor folder in module ps_checkpayment [] []
[2020-09-14 17:18:55] app.INFO: Module ps_checkpayment has no vendor folder [] []
[2020-09-14 17:18:57] app.INFO: Protect vendor folder in module ps_contactinfo [] []
[2020-09-14 17:18:57] app.INFO: Module ps_contactinfo has no vendor folder [] []
[2020-09-14 17:18:59] app.INFO: Protect vendor folder in module ps_currencyselector [] []
[2020-09-14 17:19:00] app.INFO: Module ps_currencyselector has no vendor folder [] []
[2020-09-14 17:19:01] app.INFO: Protect vendor folder in module ps_customeraccountlinks [] []
[2020-09-14 17:19:01] app.INFO: Module ps_customeraccountlinks has no vendor folder [] []
[2020-09-14 17:19:02] app.INFO: Protect vendor folder in module ps_customersignin [] []
[2020-09-14 17:19:02] app.INFO: Module ps_customersignin has no vendor folder [] []
[2020-09-14 17:19:06] app.INFO: Protect vendor folder in module ps_customtext [] []
[2020-09-14 17:19:06] app.INFO: Module ps_customtext has no vendor folder [] []
[2020-09-14 17:19:12] app.INFO: Protect vendor folder in module ps_emailsubscription [] []
[2020-09-14 17:19:12] app.INFO: Module ps_emailsubscription has no vendor folder [] []
[2020-09-14 17:19:26] app.INFO: Protect vendor folder in module ps_facetedsearch [] []
[2020-09-14 17:19:26] app.INFO: Module ps_facetedsearch has no vendor folder [] []
[2020-09-14 17:19:30] app.INFO: Protect vendor folder in module ps_faviconnotificationbo [] []
[2020-09-14 17:19:30] app.INFO: Module ps_faviconnotificationbo has no vendor folder [] []
[2020-09-14 17:19:32] app.INFO: Protect vendor folder in module ps_featuredproducts [] []
[2020-09-14 17:19:32] app.INFO: Module ps_featuredproducts has no vendor folder [] []
[2020-09-14 17:19:36] app.INFO: Protect vendor folder in module ps_imageslider [] []
[2020-09-14 17:19:36] app.INFO: Module ps_imageslider has no vendor folder [] []
[2020-09-14 17:19:37] app.INFO: Protect vendor folder in module ps_languageselector [] []
[2020-09-14 17:19:37] app.INFO: Module ps_languageselector has no vendor folder [] []
[2020-09-14 17:19:42] app.INFO: Protect vendor folder in module ps_linklist [] []
[2020-09-14 17:19:42] app.INFO: Module ps_linklist has no vendor folder [] []
[2020-09-14 17:19:42] app.ERROR: Class "AdminLinkWidgetController" not found in controllers/admin [] []
[2020-09-14 17:19:47] app.INFO: Protect vendor folder in module ps_mainmenu [] []
[2020-09-14 17:19:47] app.INFO: Module ps_mainmenu has no vendor folder [] []
[2020-09-14 17:19:49] app.INFO: Protect vendor folder in module ps_searchbar [] []
[2020-09-14 17:19:49] app.INFO: Module ps_searchbar has no vendor folder [] []
[2020-09-14 17:19:51] app.INFO: Protect vendor folder in module ps_sharebuttons [] []
[2020-09-14 17:19:51] app.INFO: Module ps_sharebuttons has no vendor folder [] []
[2020-09-14 17:19:53] app.INFO: Protect vendor folder in module ps_shoppingcart [] []
[2020-09-14 17:19:53] app.INFO: Module ps_shoppingcart has no vendor folder [] []
[2020-09-14 17:19:55] app.INFO: Protect vendor folder in module ps_socialfollow [] []
[2020-09-14 17:19:55] app.INFO: Module ps_socialfollow has no vendor folder [] []
[2020-09-14 17:19:58] app.INFO: Protect vendor folder in module ps_themecusto [] []
[2020-09-14 17:19:59] app.INFO: Module ps_themecusto has no vendor folder [] []
[2020-09-14 17:20:03] app.INFO: Protect vendor folder in module ps_wirepayment [] []
[2020-09-14 17:20:04] app.INFO: Module ps_wirepayment has no vendor folder [] []
[2020-09-14 17:20:05] app.INFO: Protect vendor folder in module pagesnotfound [] []
[2020-09-14 17:20:05] app.INFO: Module pagesnotfound has no vendor folder [] []
[2020-09-14 17:20:07] app.INFO: Protect vendor folder in module sekeywords [] []
[2020-09-14 17:20:07] app.INFO: Module sekeywords has no vendor folder [] []
[2020-09-14 17:20:08] app.INFO: Protect vendor folder in module statsbestcategories [] []
[2020-09-14 17:20:08] app.INFO: Module statsbestcategories has no vendor folder [] []
[2020-09-14 17:20:09] app.INFO: Protect vendor folder in module statsbestcustomers [] []
[2020-09-14 17:20:09] app.INFO: Module statsbestcustomers has no vendor folder [] []
[2020-09-14 17:20:10] app.INFO: Protect vendor folder in module statsbestproducts [] []
[2020-09-14 17:20:10] app.INFO: Module statsbestproducts has no vendor folder [] []
[2020-09-14 17:20:11] app.INFO: Protect vendor folder in module statsbestsuppliers [] []
[2020-09-14 17:20:11] app.INFO: Module statsbestsuppliers has no vendor folder [] []
[2020-09-14 17:20:12] app.INFO: Protect vendor folder in module statsbestvouchers [] []
[2020-09-14 17:20:12] app.INFO: Module statsbestvouchers has no vendor folder [] []
[2020-09-14 17:20:13] app.INFO: Protect vendor folder in module statscarrier [] []
[2020-09-14 17:20:13] app.INFO: Module statscarrier has no vendor folder [] []
[2020-09-14 17:20:13] app.INFO: Protect vendor folder in module statscatalog [] []
[2020-09-14 17:20:14] app.INFO: Module statscatalog has no vendor folder [] []
[2020-09-14 17:20:14] app.INFO: Protect vendor folder in module statscheckup [] []
[2020-09-14 17:20:14] app.INFO: Module statscheckup has no vendor folder [] []
[2020-09-14 17:20:16] app.INFO: Protect vendor folder in module statsdata [] []
[2020-09-14 17:20:16] app.INFO: Module statsdata has no vendor folder [] []
[2020-09-14 17:20:16] app.INFO: Protect vendor folder in module statsequipment [] []
[2020-09-14 17:20:16] app.INFO: Module statsequipment has no vendor folder [] []
[2020-09-14 17:20:17] app.INFO: Protect vendor folder in module statsforecast [] []
[2020-09-14 17:20:17] app.INFO: Module statsforecast has no vendor folder [] []
[2020-09-14 17:20:18] app.INFO: Protect vendor folder in module statslive [] []
[2020-09-14 17:20:18] app.INFO: Module statslive has no vendor folder [] []
[2020-09-14 17:20:19] app.INFO: Protect vendor folder in module statsnewsletter [] []
[2020-09-14 17:20:19] app.INFO: Module statsnewsletter has no vendor folder [] []
[2020-09-14 17:20:20] app.INFO: Protect vendor folder in module statsorigin [] []
[2020-09-14 17:20:20] app.INFO: Module statsorigin has no vendor folder [] []
[2020-09-14 17:20:20] app.INFO: Protect vendor folder in module statspersonalinfos [] []
[2020-09-14 17:20:20] app.INFO: Module statspersonalinfos has no vendor folder [] []
[2020-09-14 17:20:21] app.INFO: Protect vendor folder in module statsproduct [] []
[2020-09-14 17:20:21] app.INFO: Module statsproduct has no vendor folder [] []
[2020-09-14 17:20:22] app.INFO: Protect vendor folder in module statsregistrations [] []
[2020-09-14 17:20:22] app.INFO: Module statsregistrations has no vendor folder [] []
[2020-09-14 17:20:23] app.INFO: Protect vendor folder in module statssales [] []
[2020-09-14 17:20:23] app.INFO: Module statssales has no vendor folder [] []
[2020-09-14 17:20:25] app.INFO: Protect vendor folder in module statssearch [] []
[2020-09-14 17:20:25] app.INFO: Module statssearch has no vendor folder [] []
[2020-09-14 17:20:26] app.INFO: Protect vendor folder in module statsstock [] []
[2020-09-14 17:20:26] app.INFO: Module statsstock has no vendor folder [] []
[2020-09-14 17:20:27] app.INFO: Protect vendor folder in module statsvisits [] []
[2020-09-14 17:20:27] app.INFO: Module statsvisits has no vendor folder [] []
[2020-09-14 17:20:29] app.INFO: Protect vendor folder in module welcome [] []
[2020-09-14 17:20:51] app.INFO: Exporting mail with theme modern for language Espa単ol (Spanish) [] []
[2020-09-14 17:20:51] app.INFO: Core output folder: C:\xampp\htdocs\ps17/mails [] []
[2020-09-14 17:20:52] app.INFO: Modules output folder: C:\xampp\htdocs\ps17/modules/ [] []
[2020-09-14 17:21:10] app.INFO: Exporting mail with theme modern for language Espa単ol VE (Spanish) [] []
[2020-09-14 17:21:11] app.INFO: Core output folder: C:\xampp\htdocs\ps17/mails [] []
[2020-09-14 17:21:11] app.INFO: Modules output folder: C:\xampp\htdocs\ps17/modules/ [] []
[2020-09-14 17:28:00] app.ERROR: Data from PrestaShop Addons is invalid, and cannot fallback on cache.  {"exception":"cURL error 28: Operation timed out after 5000 milliseconds with 302429 bytes received"} []
[2020-09-14 17:28:07] app.INFO: Protect vendor folder in module gamification [] []
[2020-09-14 17:28:08] app.INFO: Protect vendor folder in module psaddonsconnect [] []
[2020-09-14 17:28:13] app.INFO: Protect vendor folder in module psgdpr [] []
[2020-09-14 17:28:17] app.INFO: Protect vendor folder in module ps_mbo [] []
[2020-09-14 17:28:19] app.INFO: Protect vendor folder in module ps_buybuttonlite [] []
[2020-09-14 17:28:28] app.INFO: Exporting mail with theme modern for language Espa単ol (Spanish) [] []
[2020-09-14 17:28:28] app.INFO: Core output folder: C:\xampp\htdocs\ps17/mails [] []
[2020-09-14 17:28:28] app.INFO: Modules output folder: C:\xampp\htdocs\ps17/modules/ [] []
[2020-09-14 17:28:35] app.INFO: Exporting mail with theme modern for language Espa単ol VE (Spanish) [] []
[2020-09-14 17:28:35] app.INFO: Core output folder: C:\xampp\htdocs\ps17/mails [] []
[2020-09-14 17:28:35] app.INFO: Modules output folder: C:\xampp\htdocs\ps17/modules/ [] []
[2020-09-14 17:29:07] app.ERROR: Data from PrestaShop Addons is invalid, and cannot fallback on cache.  {"exception":"cURL error 28: Operation timed out after 5000 milliseconds with 499028 bytes received"} []
[2020-09-14 17:29:09] app.INFO: Protect vendor folder in module blockreassurance [] []
[2020-09-14 17:29:09] app.INFO: Module blockreassurance has no vendor folder [] []
[2020-09-14 17:31:15] app.ERROR: Data from PrestaShop Addons is invalid, and cannot fallback on cache.  {"exception":"cURL error 28: Operation timed out after 5000 milliseconds with 71614 bytes received"} []
[2020-09-14 17:31:48] app.INFO: Protect vendor folder in module ps_facetedsearch [] []
[2020-09-14 17:31:48] app.INFO: Module ps_facetedsearch has no vendor folder [] []
